<?xml version="1.0" encoding="UTF-8"?>
<testsuite xmlns:xsi="http://www.w3.org/2001/XMLSchema-instance" xsi:noNamespaceSchemaLocation="https://maven.apache.org/surefire/maven-surefire-plugin/xsd/surefire-test-report.xsd" name="com.hashedin.migration.controllers.ProductControllerTest" time="0.643" tests="2" errors="2" skipped="0" failures="0">
  <properties>
[...]
</properties>
  <testcase name="getAllProducts1Test" classname="com.hashedin.migration.controllers.ProductControllerTest" time="0.016">
    <error message="Cannot invoke &quot;com.hashedin.migration.services.UserService.getProductCount()&quot; because &quot;this.userService&quot; is null" type="java.lang.NullPointerException">java.lang.NullPointerException: Cannot invoke "com.hashedin.migration.services.UserService.getProductCount()" because "this.userService" is null
	at com.hashedin.migration.controllers.ProductControllerTest.getAllProducts1Test(ProductControllerTest.java:32)
</error>
    <system-out><![CDATA[2023-09-13 05:51:12.111  INFO 58842 --- [           main] .b.t.c.SpringBootTestContextBootstrapper : Neither @ContextConfiguration nor @ContextHierarchy found for test class [com.hashedin.migration.controllers.ProductControllerTest], using SpringBootContextLoader
2023-09-13 05:51:12.112  INFO 58842 --- [           main] o.s.t.c.support.AbstractContextLoader    : Could not detect default resource locations for test class [com.hashedin.migration.controllers.ProductControllerTest]: no resource found for suffixes {-context.xml, Context.groovy}.
2023-09-13 05:51:12.112  INFO 58842 --- [           main] t.c.s.AnnotationConfigContextLoaderUtils : Could not detect default configuration classes for test class [com.hashedin.migration.controllers.ProductControllerTest]: ProductControllerTest does not declare any static, non-private, non-final, nested classes annotated with @Configuration.
2023-09-13 05:51:12.113  INFO 58842 --- [           main] .b.t.c.SpringBootTestContextBootstrapper : Found @SpringBootConfiguration com.hashedin.migration.EjbToSpringBootApplication for test class com.hashedin.migration.controllers.ProductControllerTest
2023-09-13 05:51:12.115  INFO 58842 --- [           main] .b.t.c.SpringBootTestContextBootstrapper : Loaded default TestExecutionListener class names from location [META-INF/spring.factories]: [org.springframework.boot.test.mock.mockito.MockitoTestExecutionListener, org.springframework.boot.test.mock.mockito.ResetMocksTestExecutionListener, org.springframework.boot.test.autoconfigure.restdocs.RestDocsTestExecutionListener, org.springframework.boot.test.autoconfigure.web.client.MockRestServiceServerResetTestExecutionListener, org.springframework.boot.test.autoconfigure.web.servlet.MockMvcPrintOnlyOnFailureTestExecutionListener, org.springframework.boot.test.autoconfigure.web.servlet.WebDriverTestExecutionListener, org.springframework.boot.test.autoconfigure.webservices.client.MockWebServiceServerTestExecutionListener, org.springframework.test.context.web.ServletTestExecutionListener, org.springframework.test.context.support.DirtiesContextBeforeModesTestExecutionListener, org.springframework.test.context.support.DependencyInjectionTestExecutionListener, org.springframework.test.context.support.DirtiesContextTestExecutionListener, org.springframework.test.context.transaction.TransactionalTestExecutionListener, org.springframework.test.context.jdbc.SqlScriptsTestExecutionListener, org.springframework.test.context.event.EventPublishingTestExecutionListener]
2023-09-13 05:51:12.115  INFO 58842 --- [           main] .b.t.c.SpringBootTestContextBootstrapper : Using TestExecutionListeners: [org.springframework.test.context.web.ServletTestExecutionListener@43cb630d, org.springframework.test.context.support.DirtiesContextBeforeModesTestExecutionListener@7e8dca7, org.springframework.boot.test.mock.mockito.MockitoTestExecutionListener@1c43b31d, org.springframework.boot.test.autoconfigure.SpringBootDependencyInjectionTestExecutionListener@45a07b97, org.springframework.test.context.support.DirtiesContextTestExecutionListener@5d6bbb25, org.springframework.test.context.transaction.TransactionalTestExecutionListener@1ca749cb, org.springframework.test.context.jdbc.SqlScriptsTestExecutionListener@1d7dca19, org.springframework.test.context.event.EventPublishingTestExecutionListener@5bc776e2, org.springframework.boot.test.mock.mockito.ResetMocksTestExecutionListener@5bf54c2c, org.springframework.boot.test.autoconfigure.restdocs.RestDocsTestExecutionListener@7d3abf88, org.springframework.boot.test.autoconfigure.web.client.MockRestServiceServerResetTestExecutionListener@ee49f34, org.springframework.boot.test.autoconfigure.web.servlet.MockMvcPrintOnlyOnFailureTestExecutionListener@6e74986c, org.springframework.boot.test.autoconfigure.web.servlet.WebDriverTestExecutionListener@1f112da2, org.springframework.boot.test.autoconfigure.webservices.client.MockWebServiceServerTestExecutionListener@377f0737]

  .   ____          _            __ _ _
 /\\ / ___'_ __ _ _(_)_ __  __ _ \ \ \ \
( ( )\___ | '_ | '_| | '_ \/ _` | \ \ \ \
 \\/  ___)| |_)| | | | | || (_| |  ) ) ) )
  '  |____| .__|_| |_|_| |_\__, | / / / /
 =========|_|==============|___/=/_/_/_/
 :: Spring Boot ::        (v2.3.0.RELEASE)

2023-09-13 05:51:12.136  INFO 58842 --- [           main] c.h.m.controllers.ProductControllerTest  : Starting ProductControllerTest on US-C02G743GML85 with PID 58842 (started by yogeshsharma8 in /Users/yogeshsharma8/Desktop/DG_chatBoard/ejbtoSpring/new/ejb-to-spring-boot)
2023-09-13 05:51:12.137  INFO 58842 --- [           main] c.h.m.controllers.ProductControllerTest  : No active profile set, falling back to default profiles: default
2023-09-13 05:51:12.278  INFO 58842 --- [           main] .s.d.r.c.RepositoryConfigurationDelegate : Bootstrapping Spring Data JPA repositories in DEFERRED mode.
2023-09-13 05:51:12.285  INFO 58842 --- [           main] .s.d.r.c.RepositoryConfigurationDelegate : Finished Spring Data repository scanning in 6ms. Found 2 JPA repository interfaces.
2023-09-13 05:51:12.381  INFO 58842 --- [           main] o.s.s.concurrent.ThreadPoolTaskExecutor  : Initializing ExecutorService 'applicationTaskExecutor'
2023-09-13 05:51:12.391  INFO 58842 --- [         task-1] o.hibernate.jpa.internal.util.LogHelper  : HHH000204: Processing PersistenceUnitInfo [name: default]
2023-09-13 05:51:12.394  INFO 58842 --- [         task-1] com.zaxxer.hikari.HikariDataSource       : HikariPool-4 - Starting...
2023-09-13 05:51:12.425  INFO 58842 --- [         task-1] com.zaxxer.hikari.HikariDataSource       : HikariPool-4 - Start completed.
2023-09-13 05:51:12.425  INFO 58842 --- [         task-1] org.hibernate.dialect.Dialect            : HHH000400: Using dialect: org.hibernate.dialect.MySQL8Dialect
2023-09-13 05:51:12.465  WARN 58842 --- [           main] JpaBaseConfiguration$JpaWebConfiguration : spring.jpa.open-in-view is enabled by default. Therefore, database queries may be performed during view rendering. Explicitly configure spring.jpa.open-in-view to disable this warning
2023-09-13 05:51:12.483  INFO 58842 --- [         task-1] o.h.e.t.j.p.i.JtaPlatformInitiator       : HHH000490: Using JtaPlatform implementation: [org.hibernate.engine.transaction.jta.platform.internal.NoJtaPlatform]
2023-09-13 05:51:12.484  INFO 58842 --- [         task-1] j.LocalContainerEntityManagerFactoryBean : Initialized JPA EntityManagerFactory for persistence unit 'default'
2023-09-13 05:51:12.695  INFO 58842 --- [           main] DeferredRepositoryInitializationListener : Triggering deferred initialization of Spring Data repositories…
2023-09-13 05:51:12.721  INFO 58842 --- [           main] DeferredRepositoryInitializationListener : Spring Data repositories initialized!
2023-09-13 05:51:12.723  INFO 58842 --- [           main] c.h.m.controllers.ProductControllerTest  : Started ProductControllerTest in 0.606 seconds (JVM running for 10.841)
]]></system-out>
  </testcase>
  <testcase name="getAllProductsTest" classname="com.hashedin.migration.controllers.ProductControllerTest" time="0.003">
    <error message="Cannot invoke &quot;com.hashedin.migration.services.UserService.getProductCount()&quot; because &quot;this.userService&quot; is null" type="java.lang.NullPointerException">java.lang.NullPointerException: Cannot invoke "com.hashedin.migration.services.UserService.getProductCount()" because "this.userService" is null
	at com.hashedin.migration.controllers.ProductControllerTest.getAllProductsTest(ProductControllerTest.java:25)
</error>
  </testcase>
</testsuite>